2018-04-08 09:56:23,123 - com.tydic.study.rxjava.RxJavaMain [main] INFO  com.tydic.study.rxjava.RxJavaMain  com.tydic.study.rxjava.RxJavaMain$2.call(RxJavaMain.java:115) - substr:/logo.png
2018-04-08 09:56:23,160 - com.tydic.study.rxjava.RxJavaMain [main] INFO  com.tydic.study.rxjava.RxJavaMain  com.tydic.study.rxjava.RxJavaMain$6.onNext(RxJavaMain.java:206) - name:高等数学
2018-04-08 09:56:23,161 - com.tydic.study.rxjava.RxJavaMain [main] INFO  com.tydic.study.rxjava.RxJavaMain  com.tydic.study.rxjava.RxJavaMain$6.onNext(RxJavaMain.java:206) - name:数学分析
2018-04-08 09:56:23,161 - com.tydic.study.rxjava.RxJavaMain [main] INFO  com.tydic.study.rxjava.RxJavaMain  com.tydic.study.rxjava.RxJavaMain$6.onNext(RxJavaMain.java:206) - name:概率论
2018-04-08 09:56:23,161 - com.tydic.study.rxjava.RxJavaMain [main] INFO  com.tydic.study.rxjava.RxJavaMain  com.tydic.study.rxjava.RxJavaMain$6.onNext(RxJavaMain.java:206) - name:高等数学
2018-04-08 09:56:23,161 - com.tydic.study.rxjava.RxJavaMain [main] INFO  com.tydic.study.rxjava.RxJavaMain  com.tydic.study.rxjava.RxJavaMain$6.onNext(RxJavaMain.java:206) - name:数学分析
2018-04-08 09:56:23,162 - com.tydic.study.rxjava.RxJavaMain [main] INFO  com.tydic.study.rxjava.RxJavaMain  com.tydic.study.rxjava.RxJavaMain$6.onNext(RxJavaMain.java:206) - name:偏微分方程
2018-04-08 09:59:04,370 - com.tydic.study.rxjava.RxJavaMain [main] INFO  com.tydic.study.rxjava.RxJavaMain  com.tydic.study.rxjava.RxJavaMain$2.call(RxJavaMain.java:115) - substr:/logo.png
2018-04-08 09:59:04,413 - com.tydic.study.rxjava.RxJavaMain [main] INFO  com.tydic.study.rxjava.RxJavaMain  com.tydic.study.rxjava.RxJavaMain$6.onNext(RxJavaMain.java:206) - name:高等数学
2018-04-08 09:59:04,413 - com.tydic.study.rxjava.RxJavaMain [main] INFO  com.tydic.study.rxjava.RxJavaMain  com.tydic.study.rxjava.RxJavaMain$6.onNext(RxJavaMain.java:206) - name:数学分析
2018-04-08 09:59:04,413 - com.tydic.study.rxjava.RxJavaMain [main] INFO  com.tydic.study.rxjava.RxJavaMain  com.tydic.study.rxjava.RxJavaMain$6.onNext(RxJavaMain.java:206) - name:概率论
2018-04-08 09:59:04,413 - com.tydic.study.rxjava.RxJavaMain [main] INFO  com.tydic.study.rxjava.RxJavaMain  com.tydic.study.rxjava.RxJavaMain$6.onNext(RxJavaMain.java:206) - name:高等数学
2018-04-08 09:59:04,414 - com.tydic.study.rxjava.RxJavaMain [main] INFO  com.tydic.study.rxjava.RxJavaMain  com.tydic.study.rxjava.RxJavaMain$6.onNext(RxJavaMain.java:206) - name:数学分析
2018-04-08 09:59:04,414 - com.tydic.study.rxjava.RxJavaMain [main] INFO  com.tydic.study.rxjava.RxJavaMain  com.tydic.study.rxjava.RxJavaMain$6.onNext(RxJavaMain.java:206) - name:偏微分方程
2018-04-08 09:59:39,265 - com.tydic.study.rxjava.RxJavaMain [main] INFO  com.tydic.study.rxjava.RxJavaMain  com.tydic.study.rxjava.RxJavaMain$2.call(RxJavaMain.java:115) - substr:/logo.png
2018-04-08 09:59:39,298 - com.tydic.study.rxjava.RxJavaMain [main] INFO  com.tydic.study.rxjava.RxJavaMain  com.tydic.study.rxjava.RxJavaMain$6.onNext(RxJavaMain.java:206) - name:高等数学
2018-04-08 09:59:39,298 - com.tydic.study.rxjava.RxJavaMain [main] INFO  com.tydic.study.rxjava.RxJavaMain  com.tydic.study.rxjava.RxJavaMain$6.onNext(RxJavaMain.java:206) - name:数学分析
2018-04-08 09:59:39,298 - com.tydic.study.rxjava.RxJavaMain [main] INFO  com.tydic.study.rxjava.RxJavaMain  com.tydic.study.rxjava.RxJavaMain$6.onNext(RxJavaMain.java:206) - name:概率论
2018-04-08 09:59:39,299 - com.tydic.study.rxjava.RxJavaMain [main] INFO  com.tydic.study.rxjava.RxJavaMain  com.tydic.study.rxjava.RxJavaMain$6.onNext(RxJavaMain.java:206) - name:高等数学
2018-04-08 09:59:39,299 - com.tydic.study.rxjava.RxJavaMain [main] INFO  com.tydic.study.rxjava.RxJavaMain  com.tydic.study.rxjava.RxJavaMain$6.onNext(RxJavaMain.java:206) - name:数学分析
2018-04-08 09:59:39,299 - com.tydic.study.rxjava.RxJavaMain [main] INFO  com.tydic.study.rxjava.RxJavaMain  com.tydic.study.rxjava.RxJavaMain$6.onNext(RxJavaMain.java:206) - name:偏微分方程
2018-04-08 13:57:10,204 - com.tydic.study.rxjava.RxJavaMain [main] INFO  com.tydic.study.rxjava.RxJavaMain  com.tydic.study.rxjava.RxJavaMain$2.call(RxJavaMain.java:115) - substr:/logo.png
2018-04-08 13:57:10,237 - com.tydic.study.rxjava.RxJavaMain [main] INFO  com.tydic.study.rxjava.RxJavaMain  com.tydic.study.rxjava.RxJavaMain$6.onNext(RxJavaMain.java:206) - name:高等数学
2018-04-08 13:57:10,237 - com.tydic.study.rxjava.RxJavaMain [main] INFO  com.tydic.study.rxjava.RxJavaMain  com.tydic.study.rxjava.RxJavaMain$6.onNext(RxJavaMain.java:206) - name:数学分析
2018-04-08 13:57:10,237 - com.tydic.study.rxjava.RxJavaMain [main] INFO  com.tydic.study.rxjava.RxJavaMain  com.tydic.study.rxjava.RxJavaMain$6.onNext(RxJavaMain.java:206) - name:概率论
2018-04-08 13:57:10,237 - com.tydic.study.rxjava.RxJavaMain [main] INFO  com.tydic.study.rxjava.RxJavaMain  com.tydic.study.rxjava.RxJavaMain$6.onNext(RxJavaMain.java:206) - name:高等数学
2018-04-08 13:57:10,237 - com.tydic.study.rxjava.RxJavaMain [main] INFO  com.tydic.study.rxjava.RxJavaMain  com.tydic.study.rxjava.RxJavaMain$6.onNext(RxJavaMain.java:206) - name:数学分析
2018-04-08 13:57:10,237 - com.tydic.study.rxjava.RxJavaMain [main] INFO  com.tydic.study.rxjava.RxJavaMain  com.tydic.study.rxjava.RxJavaMain$6.onNext(RxJavaMain.java:206) - name:偏微分方程
2018-04-08 13:59:01,755 - com.tydic.study.rxjava.RxJavaMain [main] INFO  com.tydic.study.rxjava.RxJavaMain  com.tydic.study.rxjava.RxJavaMain$2.call(RxJavaMain.java:115) - substr:/logo.png
2018-04-08 13:59:01,806 - com.tydic.study.rxjava.RxJavaMain [main] INFO  com.tydic.study.rxjava.RxJavaMain  com.tydic.study.rxjava.RxJavaMain$6.onNext(RxJavaMain.java:206) - name:高等数学
2018-04-08 13:59:01,806 - com.tydic.study.rxjava.RxJavaMain [main] INFO  com.tydic.study.rxjava.RxJavaMain  com.tydic.study.rxjava.RxJavaMain$6.onNext(RxJavaMain.java:206) - name:数学分析
2018-04-08 13:59:01,806 - com.tydic.study.rxjava.RxJavaMain [main] INFO  com.tydic.study.rxjava.RxJavaMain  com.tydic.study.rxjava.RxJavaMain$6.onNext(RxJavaMain.java:206) - name:概率论
2018-04-08 13:59:01,807 - com.tydic.study.rxjava.RxJavaMain [main] INFO  com.tydic.study.rxjava.RxJavaMain  com.tydic.study.rxjava.RxJavaMain$6.onNext(RxJavaMain.java:206) - name:高等数学
2018-04-08 13:59:01,807 - com.tydic.study.rxjava.RxJavaMain [main] INFO  com.tydic.study.rxjava.RxJavaMain  com.tydic.study.rxjava.RxJavaMain$6.onNext(RxJavaMain.java:206) - name:数学分析
2018-04-08 13:59:01,807 - com.tydic.study.rxjava.RxJavaMain [main] INFO  com.tydic.study.rxjava.RxJavaMain  com.tydic.study.rxjava.RxJavaMain$6.onNext(RxJavaMain.java:206) - name:偏微分方程
